<?xml version="1.0" encoding="UTF-8"?>
<!-- Generated by org.testng.reporters.JUnitXMLReporter -->
<testsuite ignored="0" hostname="MAHESH-LAPTOP" failures="0" tests="4" name="User API Test Automation" time="14.01" errors="0" timestamp="2024-10-27T14:01:39 IST">
  <testcase classname="api.test.UserTest2" name="testPostUser" time="5.669"/>
  <testcase classname="api.test.UserTest2" name="testGetUser" time="1.821"/>
  <testcase classname="api.test.UserTest2" name="testUpdateUser" time="3.673"/>
  <testcase classname="api.test.UserTest2" name="testDeleteUser" time="1.671"/>
</testsuite> <!-- User API Test Automation -->
