<?xml version="1.0" encoding="UTF-8"?>
<!-- Generated by org.testng.reporters.JUnitXMLReporter -->
<testsuite ignored="0" hostname="MAHESH-LAPTOP" failures="0" tests="4" name="Default test" time="13.955" errors="0" timestamp="2024-10-27T12:34:02 IST">
  <testcase classname="api.test.UserTest" name="testPostUser" time="5.918"/>
  <testcase classname="api.test.UserTest" name="testGetUser" time="1.658"/>
  <testcase classname="api.test.UserTest" name="testUpdateUser" time="3.501"/>
  <testcase classname="api.test.UserTest" name="testDeleteUser" time="1.428"/>
</testsuite> <!-- Default test -->
