<?xml version="1.0" encoding="UTF-8"?>
<testng-results ignored="0" total="12" passed="12" failed="0" skipped="0">
  <reporter-output>
  </reporter-output>
  <suite started-at="2024-10-27T14:35:11 IST" name="API Automation" finished-at="2024-10-27T14:35:36 IST" duration-ms="24949">
    <groups>
    </groups>
    <test started-at="2024-10-27T14:35:11 IST" name="User API Test Automation" finished-at="2024-10-27T14:35:36 IST" duration-ms="24949">
      <class name="api.test.UserTest_DDT">
        <test-method signature="testPostUser(java.lang.String,java.lang.String,java.lang.String,java.lang.String,java.lang.String,java.lang.String,java.lang.String)[pri:1, instance:api.test.UserTest_DDT@393671df]" started-at="2024-10-27T14:35:13 IST" name="testPostUser" data-provider="getAllData" finished-at="2024-10-27T14:35:18 IST" duration-ms="4601" status="PASS">
          <params>
            <param index="0">
              <value>
                <![CDATA[1010]]>
              </value>
            </param>
            <param index="1">
              <value>
                <![CDATA[testuser1]]>
              </value>
            </param>
            <param index="2">
              <value>
                <![CDATA[John]]>
              </value>
            </param>
            <param index="3">
              <value>
                <![CDATA[Canedy]]>
              </value>
            </param>
            <param index="4">
              <value>
                <![CDATA[JohnCanedy@gmail.com]]>
              </value>
            </param>
            <param index="5">
              <value>
                <![CDATA[test@1]]>
              </value>
            </param>
            <param index="6">
              <value>
                <![CDATA[1234567890]]>
              </value>
            </param>
          </params>
          <reporter-output>
          </reporter-output>
        </test-method> <!-- testPostUser -->
        <test-method signature="testPostUser(java.lang.String,java.lang.String,java.lang.String,java.lang.String,java.lang.String,java.lang.String,java.lang.String)[pri:1, instance:api.test.UserTest_DDT@393671df]" started-at="2024-10-27T14:35:18 IST" name="testPostUser" data-provider="getAllData" finished-at="2024-10-27T14:35:19 IST" duration-ms="1421" status="PASS">
          <params>
            <param index="0">
              <value>
                <![CDATA[1020]]>
              </value>
            </param>
            <param index="1">
              <value>
                <![CDATA[testuser2]]>
              </value>
            </param>
            <param index="2">
              <value>
                <![CDATA[Kim]]>
              </value>
            </param>
            <param index="3">
              <value>
                <![CDATA[Kom]]>
              </value>
            </param>
            <param index="4">
              <value>
                <![CDATA[KimKom@gmail.com]]>
              </value>
            </param>
            <param index="5">
              <value>
                <![CDATA[test@2]]>
              </value>
            </param>
            <param index="6">
              <value>
                <![CDATA[1234567891]]>
              </value>
            </param>
          </params>
          <reporter-output>
          </reporter-output>
        </test-method> <!-- testPostUser -->
        <test-method signature="testPostUser(java.lang.String,java.lang.String,java.lang.String,java.lang.String,java.lang.String,java.lang.String,java.lang.String)[pri:1, instance:api.test.UserTest_DDT@393671df]" started-at="2024-10-27T14:35:19 IST" name="testPostUser" data-provider="getAllData" finished-at="2024-10-27T14:35:21 IST" duration-ms="1322" status="PASS">
          <params>
            <param index="0">
              <value>
                <![CDATA[1030]]>
              </value>
            </param>
            <param index="1">
              <value>
                <![CDATA[testuser3]]>
              </value>
            </param>
            <param index="2">
              <value>
                <![CDATA[Smith]]>
              </value>
            </param>
            <param index="3">
              <value>
                <![CDATA[Steve]]>
              </value>
            </param>
            <param index="4">
              <value>
                <![CDATA[SmithSteve@gmail.com]]>
              </value>
            </param>
            <param index="5">
              <value>
                <![CDATA[test@3]]>
              </value>
            </param>
            <param index="6">
              <value>
                <![CDATA[1234567892]]>
              </value>
            </param>
          </params>
          <reporter-output>
          </reporter-output>
        </test-method> <!-- testPostUser -->
        <test-method signature="testPostUser(java.lang.String,java.lang.String,java.lang.String,java.lang.String,java.lang.String,java.lang.String,java.lang.String)[pri:1, instance:api.test.UserTest_DDT@393671df]" started-at="2024-10-27T14:35:21 IST" name="testPostUser" data-provider="getAllData" finished-at="2024-10-27T14:35:22 IST" duration-ms="1626" status="PASS">
          <params>
            <param index="0">
              <value>
                <![CDATA[1040]]>
              </value>
            </param>
            <param index="1">
              <value>
                <![CDATA[testuser4]]>
              </value>
            </param>
            <param index="2">
              <value>
                <![CDATA[Scott]]>
              </value>
            </param>
            <param index="3">
              <value>
                <![CDATA[Tiger]]>
              </value>
            </param>
            <param index="4">
              <value>
                <![CDATA[ScottTiger@gmail.com]]>
              </value>
            </param>
            <param index="5">
              <value>
                <![CDATA[test@4]]>
              </value>
            </param>
            <param index="6">
              <value>
                <![CDATA[1234567893]]>
              </value>
            </param>
          </params>
          <reporter-output>
          </reporter-output>
        </test-method> <!-- testPostUser -->
        <test-method signature="testDeleteUser(java.lang.String)[pri:2, instance:api.test.UserTest_DDT@393671df]" started-at="2024-10-27T14:35:22 IST" name="testDeleteUser" data-provider="getUserName" finished-at="2024-10-27T14:35:24 IST" duration-ms="1511" status="PASS">
          <params>
            <param index="0">
              <value>
                <![CDATA[testuser1]]>
              </value>
            </param>
          </params>
          <reporter-output>
          </reporter-output>
        </test-method> <!-- testDeleteUser -->
        <test-method signature="testDeleteUser(java.lang.String)[pri:2, instance:api.test.UserTest_DDT@393671df]" started-at="2024-10-27T14:35:24 IST" name="testDeleteUser" data-provider="getUserName" finished-at="2024-10-27T14:35:25 IST" duration-ms="1542" status="PASS">
          <params>
            <param index="0">
              <value>
                <![CDATA[testuser2]]>
              </value>
            </param>
          </params>
          <reporter-output>
          </reporter-output>
        </test-method> <!-- testDeleteUser -->
        <test-method signature="testDeleteUser(java.lang.String)[pri:2, instance:api.test.UserTest_DDT@393671df]" started-at="2024-10-27T14:35:25 IST" name="testDeleteUser" data-provider="getUserName" finished-at="2024-10-27T14:35:27 IST" duration-ms="1454" status="PASS">
          <params>
            <param index="0">
              <value>
                <![CDATA[testuser3]]>
              </value>
            </param>
          </params>
          <reporter-output>
          </reporter-output>
        </test-method> <!-- testDeleteUser -->
        <test-method signature="testDeleteUser(java.lang.String)[pri:2, instance:api.test.UserTest_DDT@393671df]" started-at="2024-10-27T14:35:27 IST" name="testDeleteUser" data-provider="getUserName" finished-at="2024-10-27T14:35:28 IST" duration-ms="1376" status="PASS">
          <params>
            <param index="0">
              <value>
                <![CDATA[testuser4]]>
              </value>
            </param>
          </params>
          <reporter-output>
          </reporter-output>
        </test-method> <!-- testDeleteUser -->
      </class> <!-- api.test.UserTest_DDT -->
      <class name="api.test.UserTest">
        <test-method is-config="true" signature="setup()[pri:0, instance:api.test.UserTest@1aa7ecca]" started-at="2024-10-27T14:35:28 IST" name="setup" finished-at="2024-10-27T14:35:29 IST" duration-ms="329" status="PASS">
          <reporter-output>
          </reporter-output>
        </test-method> <!-- setup -->
        <test-method signature="testPostUser()[pri:1, instance:api.test.UserTest@1aa7ecca]" started-at="2024-10-27T14:35:29 IST" name="testPostUser" finished-at="2024-10-27T14:35:30 IST" duration-ms="1484" status="PASS">
          <reporter-output>
          </reporter-output>
        </test-method> <!-- testPostUser -->
        <test-method signature="testGetUser()[pri:2, instance:api.test.UserTest@1aa7ecca]" started-at="2024-10-27T14:35:30 IST" name="testGetUser" finished-at="2024-10-27T14:35:32 IST" duration-ms="1432" status="PASS">
          <reporter-output>
          </reporter-output>
        </test-method> <!-- testGetUser -->
        <test-method signature="testUpdateUser()[pri:3, instance:api.test.UserTest@1aa7ecca]" started-at="2024-10-27T14:35:32 IST" name="testUpdateUser" finished-at="2024-10-27T14:35:34 IST" duration-ms="2831" status="PASS">
          <reporter-output>
          </reporter-output>
        </test-method> <!-- testUpdateUser -->
        <test-method signature="testDeleteUser()[pri:4, instance:api.test.UserTest@1aa7ecca]" started-at="2024-10-27T14:35:34 IST" name="testDeleteUser" finished-at="2024-10-27T14:35:36 IST" duration-ms="1430" status="PASS">
          <reporter-output>
          </reporter-output>
        </test-method> <!-- testDeleteUser -->
      </class> <!-- api.test.UserTest -->
    </test> <!-- User API Test Automation -->
  </suite> <!-- API Automation -->
</testng-results>
