<?xml version="1.0" encoding="UTF-8"?>
<testng-results ignored="0" total="4" passed="4" failed="0" skipped="0">
  <reporter-output>
  </reporter-output>
  <suite started-at="2024-10-27T14:01:25 IST" name="API Automation" finished-at="2024-10-27T14:01:39 IST" duration-ms="14010">
    <groups>
    </groups>
    <test started-at="2024-10-27T14:01:25 IST" name="User API Test Automation" finished-at="2024-10-27T14:01:39 IST" duration-ms="14010">
      <class name="api.test.UserTest2">
        <test-method is-config="true" signature="setup()[pri:0, instance:api.test.UserTest2@5af3afd9]" started-at="2024-10-27T14:01:25 IST" name="setup" finished-at="2024-10-27T14:01:26 IST" duration-ms="794" status="PASS">
          <reporter-output>
          </reporter-output>
        </test-method> <!-- setup -->
        <test-method signature="testPostUser()[pri:1, instance:api.test.UserTest2@5af3afd9]" started-at="2024-10-27T14:01:26 IST" name="testPostUser" finished-at="2024-10-27T14:01:31 IST" duration-ms="5669" status="PASS">
          <reporter-output>
          </reporter-output>
        </test-method> <!-- testPostUser -->
        <test-method signature="testGetUser()[pri:2, instance:api.test.UserTest2@5af3afd9]" started-at="2024-10-27T14:01:31 IST" name="testGetUser" finished-at="2024-10-27T14:01:33 IST" duration-ms="1821" status="PASS">
          <reporter-output>
          </reporter-output>
        </test-method> <!-- testGetUser -->
        <test-method signature="testUpdateUser()[pri:3, instance:api.test.UserTest2@5af3afd9]" started-at="2024-10-27T14:01:33 IST" name="testUpdateUser" finished-at="2024-10-27T14:01:37 IST" duration-ms="3673" status="PASS">
          <reporter-output>
          </reporter-output>
        </test-method> <!-- testUpdateUser -->
        <test-method signature="testDeleteUser()[pri:4, instance:api.test.UserTest2@5af3afd9]" started-at="2024-10-27T14:01:37 IST" name="testDeleteUser" finished-at="2024-10-27T14:01:39 IST" duration-ms="1671" status="PASS">
          <reporter-output>
          </reporter-output>
        </test-method> <!-- testDeleteUser -->
      </class> <!-- api.test.UserTest2 -->
    </test> <!-- User API Test Automation -->
  </suite> <!-- API Automation -->
</testng-results>
