<?xml version="1.0" encoding="UTF-8"?>
<!-- Generated by org.testng.reporters.JUnitXMLReporter -->
<testsuite ignored="0" hostname="MAHESH-LAPTOP" failures="0" tests="12" name="User API Test Automation" time="24.949" errors="0" timestamp="2024-10-27T14:35:36 IST">
  <testcase classname="api.test.UserTest_DDT" name="testPostUser" time="4.601"/>
  <testcase classname="api.test.UserTest_DDT" name="testPostUser" time="1.421"/>
  <testcase classname="api.test.UserTest_DDT" name="testPostUser" time="1.322"/>
  <testcase classname="api.test.UserTest_DDT" name="testPostUser" time="1.626"/>
  <testcase classname="api.test.UserTest_DDT" name="testDeleteUser" time="1.511"/>
  <testcase classname="api.test.UserTest_DDT" name="testDeleteUser" time="1.542"/>
  <testcase classname="api.test.UserTest_DDT" name="testDeleteUser" time="1.454"/>
  <testcase classname="api.test.UserTest_DDT" name="testDeleteUser" time="1.376"/>
  <testcase classname="api.test.UserTest" name="testPostUser" time="1.484"/>
  <testcase classname="api.test.UserTest" name="testGetUser" time="1.432"/>
  <testcase classname="api.test.UserTest" name="testUpdateUser" time="2.831"/>
  <testcase classname="api.test.UserTest" name="testDeleteUser" time="1.43"/>
</testsuite> <!-- User API Test Automation -->
